<?xml version="1.0" encoding="UTF-8"?>
<!-- Generated by org.testng.reporters.JUnitReportReporter -->
<testsuite hostname="Admin" failures="0" tests="2" name="doAn.Cart" time="4.601" errors="0" timestamp="2022-04-29T10:37:07 ICT" skipped="0">
  <testcase classname="doAn.Cart" name="AddToCart" time="2.646"/>
  <testcase classname="doAn.Cart" name="Clear_All_Product" time="1.955"/>
</testsuite> <!-- doAn.Cart -->
