<?xml version="1.0" encoding="UTF-8"?>
<!-- Generated by org.testng.reporters.JUnitReportReporter -->
<testsuite hostname="Admin" failures="0" tests="1" name="doAn.Checkout" time="3.684" errors="0" timestamp="2022-04-29T23:25:31 ICT" skipped="0">
  <testcase classname="doAn.Checkout" name="TC_01_Checkout_When_No_Insert_Address" time="3.684"/>
</testsuite> <!-- doAn.Checkout -->
