<?xml version="1.0" encoding="UTF-8"?>
<!-- Generated by org.testng.reporters.JUnitReportReporter -->
<testsuite hostname="Admin" failures="0" tests="1" name="doAn.AppTest" time="14.429" errors="0" timestamp="2022-04-27T15:19:08 ICT" skipped="0">
  <testcase classname="doAn.AppTest" name="TC_02_Login_Empty_Email_Password" time="14.429"/>
</testsuite> <!-- doAn.AppTest -->
